Software Version: 11.9.2.1
creating folder: C:\_SWork\LocalRepos\10-9399\sourceCode\FPGA\i754270A\designer\impl1\i762303
programmer 'S2001L81KX' : FlashPro5
Created new project
'C:\_SWork\LocalRepos\10-9399\sourceCode\FPGA\i754270A\designer\impl1\i762303\i762303.pro'
PDB file 'C:\_SWork\LocalRepos\10-9399\sourceCode\FPGA\i754270A\designer\impl1\mainprogram.pdb'
has been loaded successfully.
DESIGN : mainprogram;  CHECKSUM : 5675;  PDB_VERSION : 1.9
programmer 'S2001L81KX' : Scan Chain...
programmer 'S2001L81KX' : Scan Chain PASSED.
programmer 'S2001L81KX' : Executing action PROGRAM
programmer 'S2001L81KX' : EXPORT FSN[48] = 01a65e182c45
programmer 'S2001L81KX' : Erase ...
programmer 'S2001L81KX' : Completed erase
programmer 'S2001L81KX' : EXPORT CHECKSUM[16] = 5675
programmer 'S2001L81KX' : Programming FPGA Array
programmer 'S2001L81KX' : Verifying FPGA Array
programmer 'S2001L81KX' :         Verifying FPGA Array -- pass
programmer 'S2001L81KX' : Finished: Thu May 30 11:46:03 2024 (Elapsed time 00:00:25)
programmer 'S2001L81KX' : Executing action PROGRAM PASSED.

                        o - o - o - o - o - o

Warning: Project 'i762303' has been modified. Do you want to save it? [YES]
creating folder:
C:\_SWork\LocalRepos\10-9399\sourceCode\FPGA\i754270A\designer\impl1\i762303\projectData
Project saved.
Project closed.
