Software Version: 11.9.2.1
creating folder:
C:\_SWork\LocalRepos\10-9182\Source_Code\5330\FPGA\p754270\designer\impl1\i8667new
programmer 'S2001L81KX' : FlashPro5
Created new project
'C:\_SWork\LocalRepos\10-9182\Source_Code\5330\FPGA\p754270\designer\impl1\i8667new\i8667new.pr\
o'
PDB file
'C:\_SWork\LocalRepos\10-9182\Source_Code\5330\FPGA\p754270\designer\impl1\mainprogram.pdb' has
been loaded successfully.
DESIGN : mainprogram;  CHECKSUM : C770;  PDB_VERSION : 1.9
programmer 'S2001L81KX' : Scan Chain...
programmer 'S2001L81KX' : Scan Chain PASSED.
programmer 'S2001L81KX' : Executing action PROGRAM
programmer 'S2001L81KX' : EXPORT FSN[48] = 01a65e18a0b1
programmer 'S2001L81KX' : Erase ...
programmer 'S2001L81KX' : Completed erase
programmer 'S2001L81KX' : EXPORT CHECKSUM[16] = c770
programmer 'S2001L81KX' : Programming FPGA Array
programmer 'S2001L81KX' : Verifying FPGA Array
programmer 'S2001L81KX' :         Verifying FPGA Array -- pass
programmer 'S2001L81KX' : Finished: Thu Nov 17 15:59:25 2022 (Elapsed time 00:00:25)
programmer 'S2001L81KX' : Executing action PROGRAM PASSED.

                        o - o - o - o - o - o

Warning: Project 'i8667new' has been modified. Do you want to save it? [YES]
creating folder:
C:\_SWork\LocalRepos\10-9182\Source_Code\5330\FPGA\p754270\designer\impl1\i8667new\projectData
Project saved.
Project closed.
